TN:
SF:app.js
FN:17,(anonymous_0)
FNF:1
FNH:0
FNDA:0,(anonymous_0)
DA:1,1
DA:2,1
DA:3,1
DA:4,1
DA:5,1
DA:6,1
DA:8,1
DA:9,1
DA:10,1
DA:11,1
DA:13,1
DA:14,1
DA:15,1
DA:17,1
DA:18,0
DA:21,1
LF:16
LH:15
BRF:0
BRH:0
end_of_record
TN:
SF:db.js
FN:5,connect
FN:16,(anonymous_1)
FN:17,(anonymous_2)
FN:18,(anonymous_3)
FN:23,disconnected
FN:29,cleanup
FNF:6
FNH:5
FNDA:1,connect
FNDA:1,(anonymous_1)
FNDA:1,(anonymous_2)
FNDA:0,(anonymous_3)
FNDA:1,disconnected
FNDA:9,cleanup
DA:1,1
DA:6,1
DA:8,1
DA:9,1
DA:14,1
DA:16,1
DA:17,1
DA:18,1
DA:20,1
DA:24,1
DA:26,1
DA:30,9
DA:31,27
DA:35,1
LF:14
LH:14
BRDA:6,0,0,0
BRDA:6,0,1,1
BRDA:24,1,0,0
BRDA:24,1,1,1
BRF:4
BRH:2
end_of_record
TN:
SF:controllers\fav.controller.js
FN:5,(anonymous_0)
FN:18,(anonymous_1)
FN:30,(anonymous_2)
FNF:3
FNH:0
FNDA:0,(anonymous_0)
FNDA:0,(anonymous_1)
FNDA:0,(anonymous_2)
DA:1,1
DA:2,1
DA:4,1
DA:6,0
DA:7,0
DA:8,0
DA:9,0
DA:10,0
DA:11,0
DA:12,0
DA:14,0
DA:19,0
DA:20,0
DA:21,0
DA:24,0
DA:26,0
DA:31,0
DA:32,0
DA:33,0
DA:34,0
DA:36,0
LF:21
LH:3
BRF:0
BRH:0
end_of_record
TN:
SF:controllers\list.controller.js
FN:5,(anonymous_0)
FN:17,(anonymous_1)
FN:29,(anonymous_2)
FN:43,(anonymous_3)
FNF:4
FNH:0
FNDA:0,(anonymous_0)
FNDA:0,(anonymous_1)
FNDA:0,(anonymous_2)
FNDA:0,(anonymous_3)
DA:1,1
DA:2,1
DA:4,1
DA:6,0
DA:7,0
DA:8,0
DA:11,0
DA:13,0
DA:18,0
DA:19,0
DA:20,0
DA:23,0
DA:25,0
DA:30,0
DA:31,0
DA:32,0
DA:33,0
DA:34,0
DA:35,0
DA:36,0
DA:37,0
DA:39,0
DA:44,0
DA:45,0
DA:46,0
DA:47,0
DA:49,0
LF:27
LH:3
BRF:0
BRH:0
end_of_record
TN:
SF:controllers\user.controller.js
FN:6,(anonymous_0)
FN:30,(anonymous_1)
FN:55,(anonymous_2)
FN:63,(anonymous_3)
FNF:4
FNH:3
FNDA:8,(anonymous_0)
FNDA:5,(anonymous_1)
FNDA:1,(anonymous_2)
FNDA:0,(anonymous_3)
DA:1,1
DA:2,1
DA:3,1
DA:5,1
DA:7,8
DA:8,8
DA:9,8
DA:10,8
DA:15,5
DA:18,0
DA:26,8
DA:31,5
DA:32,5
DA:33,5
DA:34,5
DA:35,1
DA:37,4
DA:38,4
DA:39,1
DA:41,3
DA:44,0
DA:52,5
DA:56,1
DA:57,1
DA:58,1
DA:60,0
DA:64,0
DA:65,0
DA:66,0
DA:67,0
DA:69,0
LF:31
LH:23
BRDA:34,0,0,1
BRDA:34,0,1,4
BRDA:38,1,0,1
BRDA:38,1,1,3
BRF:4
BRH:4
end_of_record
TN:
SF:models\fav.model.js
FNF:0
FNH:0
DA:1,1
DA:3,1
DA:28,1
DA:30,1
LF:4
LH:4
BRF:0
BRH:0
end_of_record
TN:
SF:models\list.model.js
FNF:0
FNH:0
DA:1,1
DA:3,1
DA:28,1
DA:30,1
LF:4
LH:4
BRF:0
BRH:0
end_of_record
TN:
SF:models\user.model.js
FN:13,(anonymous_0)
FN:15,(anonymous_1)
FN:16,(anonymous_2)
FNF:3
FNH:2
FNDA:7,(anonymous_0)
FNDA:7,(anonymous_1)
FNDA:0,(anonymous_2)
DA:1,1
DA:2,1
DA:3,1
DA:5,1
DA:14,7
DA:15,7
DA:16,0
DA:41,1
DA:43,1
LF:9
LH:8
BRF:0
BRH:0
end_of_record
TN:
SF:routes\favs.js
FNF:0
FNH:0
DA:1,1
DA:2,1
DA:3,1
DA:5,1
DA:6,1
DA:7,1
DA:9,1
LF:7
LH:7
BRF:0
BRH:0
end_of_record
TN:
SF:routes\lists.js
FNF:0
FNH:0
DA:1,1
DA:2,1
DA:3,1
DA:5,1
DA:6,1
DA:7,1
DA:8,1
DA:10,1
LF:8
LH:8
BRF:0
BRH:0
end_of_record
TN:
SF:routes\users.js
FNF:0
FNH:0
DA:1,1
DA:2,1
DA:3,1
DA:5,1
DA:6,1
DA:7,1
DA:8,1
DA:10,1
LF:8
LH:8
BRF:0
BRH:0
end_of_record
TN:
SF:utils\auth.js
FN:3,(anonymous_0)
FNF:1
FNH:0
FNDA:0,(anonymous_0)
DA:1,1
DA:3,1
DA:4,0
DA:5,0
DA:7,0
DA:8,0
DA:11,0
DA:13,0
DA:14,0
DA:17,0
DA:19,0
DA:21,0
DA:23,0
LF:13
LH:2
BRDA:7,0,0,0
BRDA:7,0,1,0
BRDA:13,1,0,0
BRDA:13,1,1,0
BRF:4
BRH:0
end_of_record
